<?xml version="1.0" encoding="UTF-8"?>
<testng-results skipped="0" failed="0" ignored="0" total="1" passed="1">
  <reporter-output>
  </reporter-output>
  <suite name="Default suite" duration-ms="25382" started-at="2020-08-23T02:36:44 IST" finished-at="2020-08-23T02:37:09 IST">
    <groups>
    </groups>
    <test name="Default test" duration-ms="25382" started-at="2020-08-23T02:36:44 IST" finished-at="2020-08-23T02:37:09 IST">
      <class name="com.training.sanity.tests.ELTC_012">
        <test-method status="PASS" signature="setUpBeforeClass()[pri:0, instance:com.training.sanity.tests.ELTC_012@51cdd8a]" name="setUpBeforeClass" is-config="true" duration-ms="25" started-at="2020-08-23T02:36:44 IST" finished-at="2020-08-23T02:36:44 IST">
          <reporter-output>
          </reporter-output>
        </test-method> <!-- setUpBeforeClass -->
        <test-method status="PASS" signature="setUp()[pri:0, instance:com.training.sanity.tests.ELTC_012@51cdd8a]" name="setUp" is-config="true" duration-ms="17315" started-at="2020-08-23T02:36:44 IST" finished-at="2020-08-23T02:37:01 IST">
          <reporter-output>
          </reporter-output>
        </test-method> <!-- setUp -->
        <test-method status="PASS" signature="verifyCourseList()[pri:0, instance:com.training.sanity.tests.ELTC_012@51cdd8a]" name="verifyCourseList" duration-ms="6969" started-at="2020-08-23T02:37:01 IST" finished-at="2020-08-23T02:37:08 IST">
          <reporter-output>
          </reporter-output>
        </test-method> <!-- verifyCourseList -->
        <test-method status="PASS" signature="tearDown()[pri:0, instance:com.training.sanity.tests.ELTC_012@51cdd8a]" name="tearDown" is-config="true" duration-ms="1000" started-at="2020-08-23T02:37:08 IST" finished-at="2020-08-23T02:37:09 IST">
          <reporter-output>
          </reporter-output>
        </test-method> <!-- tearDown -->
      </class> <!-- com.training.sanity.tests.ELTC_012 -->
    </test> <!-- Default test -->
  </suite> <!-- Default suite -->
</testng-results>
